2020-01-14 17:00:55.448  INFO 13840 --- [main] com.fen.fund.WebApplication              : Starting WebApplication on LB-Fei-pc with PID 13840 (E:\Fund\fund\web\target\classes started by Fei in E:\Fund\fund)
2020-01-14 17:00:55.457  INFO 13840 --- [main] com.fen.fund.WebApplication              : The following profiles are active: redis
2020-01-14 17:00:56.430  INFO 13840 --- [main] .s.d.r.c.RepositoryConfigurationDelegate : Multiple Spring Data modules found, entering strict repository configuration mode!
2020-01-14 17:00:56.431  INFO 13840 --- [main] .s.d.r.c.RepositoryConfigurationDelegate : Bootstrapping Spring Data JPA repositories in DEFAULT mode.
2020-01-14 17:00:56.457  INFO 13840 --- [main] .s.d.r.c.RepositoryConfigurationDelegate : Finished Spring Data repository scanning in 16ms. Found 0 JPA repository interfaces.
2020-01-14 17:00:56.473  INFO 13840 --- [main] .s.d.r.c.RepositoryConfigurationDelegate : Multiple Spring Data modules found, entering strict repository configuration mode!
2020-01-14 17:00:56.474  INFO 13840 --- [main] .s.d.r.c.RepositoryConfigurationDelegate : Bootstrapping Spring Data Redis repositories in DEFAULT mode.
2020-01-14 17:00:56.493  INFO 13840 --- [main] .s.d.r.c.RepositoryConfigurationDelegate : Finished Spring Data repository scanning in 8ms. Found 0 Redis repository interfaces.
2020-01-14 17:00:56.896  INFO 13840 --- [main] trationDelegate$BeanPostProcessorChecker : Bean 'org.springframework.transaction.annotation.ProxyTransactionManagementConfiguration' of type [org.springframework.transaction.annotation.ProxyTransactionManagementConfiguration] is not eligible for getting processed by all BeanPostProcessors (for example: not eligible for auto-proxying)
2020-01-14 17:00:56.923  INFO 13840 --- [main] trationDelegate$BeanPostProcessorChecker : Bean 'redisConfig' of type [com.fen.fund.tool.redis.RedisConfig$$EnhancerBySpringCGLIB$$f3f1fbd9] is not eligible for getting processed by all BeanPostProcessors (for example: not eligible for auto-proxying)
2020-01-14 17:00:57.210  INFO 13840 --- [main] o.s.b.w.embedded.tomcat.TomcatWebServer  : Tomcat initialized with port(s): 7890 (http)
2020-01-14 17:00:57.220  INFO 13840 --- [main] o.apache.catalina.core.StandardService   : Starting service [Tomcat]
2020-01-14 17:00:57.221  INFO 13840 --- [main] org.apache.catalina.core.StandardEngine  : Starting Servlet engine: [Apache Tomcat/9.0.30]
2020-01-14 17:00:57.346  INFO 13840 --- [main] o.a.c.c.C.[Tomcat].[localhost].[/api]    : Initializing Spring embedded WebApplicationContext
2020-01-14 17:00:57.346  INFO 13840 --- [main] o.s.web.context.ContextLoader            : Root WebApplicationContext: initialization completed in 1827 ms
2020-01-14 17:00:57.739  INFO 13840 --- [main] com.zaxxer.hikari.HikariDataSource       : HikariPool-1 - Starting...
2020-01-14 17:00:58.468  INFO 13840 --- [main] com.zaxxer.hikari.HikariDataSource       : HikariPool-1 - Start completed.
2020-01-14 17:00:58.514  INFO 13840 --- [main] o.hibernate.jpa.internal.util.LogHelper  : HHH000204: Processing PersistenceUnitInfo [name: default]
2020-01-14 17:00:58.606  INFO 13840 --- [main] org.hibernate.Version                    : HHH000412: Hibernate Core {5.4.9.Final}
2020-01-14 17:00:58.796  INFO 13840 --- [main] o.hibernate.annotations.common.Version   : HCANN000001: Hibernate Commons Annotations {5.1.0.Final}
2020-01-14 17:00:58.927  INFO 13840 --- [main] org.hibernate.dialect.Dialect            : HHH000400: Using dialect: org.hibernate.dialect.MySQL8Dialect
2020-01-14 17:00:59.170  INFO 13840 --- [main] o.h.e.t.j.p.i.JtaPlatformInitiator       : HHH000490: Using JtaPlatform implementation: [org.hibernate.engine.transaction.jta.platform.internal.NoJtaPlatform]
2020-01-14 17:00:59.178  INFO 13840 --- [main] j.LocalContainerEntityManagerFactoryBean : Initialized JPA EntityManagerFactory for persistence unit 'default'
2020-01-14 17:00:59.644  WARN 13840 --- [main] JpaBaseConfiguration$JpaWebConfiguration : spring.jpa.open-in-view is enabled by default. Therefore, database queries may be performed during view rendering. Explicitly configure spring.jpa.open-in-view to disable this warning
2020-01-14 17:00:59.765  INFO 13840 --- [main] o.s.s.concurrent.ThreadPoolTaskExecutor  : Initializing ExecutorService 'applicationTaskExecutor'
2020-01-14 17:00:59.911  WARN 13840 --- [main] ion$DefaultTemplateResolverConfiguration : Cannot find template location: classpath:/templates/ (please add some templates or check your Thymeleaf configuration)
2020-01-14 17:00:59.913  WARN 13840 --- [main] org.thymeleaf.templatemode.TemplateMode  : [THYMELEAF][main] Template Mode 'HTML5' is deprecated. Using Template Mode 'HTML' instead.
2020-01-14 17:01:00.121  INFO 13840 --- [main] s.a.ScheduledAnnotationBeanPostProcessor : No TaskScheduler/ScheduledExecutorService bean found for scheduled processing
2020-01-14 17:01:00.152  INFO 13840 --- [main] o.s.b.w.embedded.tomcat.TomcatWebServer  : Tomcat started on port(s): 7890 (http) with context path '/api'
2020-01-14 17:01:00.155  INFO 13840 --- [main] com.fen.fund.WebApplication              : Started WebApplication in 5.49 seconds (JVM running for 6.962)
2020-01-14 17:02:02.062  INFO 13840 --- [http-nio-7890-exec-1] o.a.c.c.C.[Tomcat].[localhost].[/api]    : Initializing Spring DispatcherServlet 'dispatcherServlet'
2020-01-14 17:02:02.063  INFO 13840 --- [http-nio-7890-exec-1] o.s.web.servlet.DispatcherServlet        : Initializing Servlet 'dispatcherServlet'
2020-01-14 17:02:02.073  INFO 13840 --- [http-nio-7890-exec-1] o.s.web.servlet.DispatcherServlet        : Completed initialization in 10 ms
2020-01-14 17:03:57.718  INFO 25052 --- [main] com.fen.fund.WebApplication              : Starting WebApplication on LB-Fei-pc with PID 25052 (E:\Fund\fund\web\target\classes started by Fei in E:\Fund\fund)
2020-01-14 17:03:57.722  INFO 25052 --- [main] com.fen.fund.WebApplication              : The following profiles are active: redis
2020-01-14 17:03:58.589  INFO 25052 --- [main] .s.d.r.c.RepositoryConfigurationDelegate : Multiple Spring Data modules found, entering strict repository configuration mode!
2020-01-14 17:03:58.590  INFO 25052 --- [main] .s.d.r.c.RepositoryConfigurationDelegate : Bootstrapping Spring Data JPA repositories in DEFAULT mode.
2020-01-14 17:03:58.617  INFO 25052 --- [main] .s.d.r.c.RepositoryConfigurationDelegate : Finished Spring Data repository scanning in 16ms. Found 0 JPA repository interfaces.
2020-01-14 17:03:58.630  INFO 25052 --- [main] .s.d.r.c.RepositoryConfigurationDelegate : Multiple Spring Data modules found, entering strict repository configuration mode!
2020-01-14 17:03:58.631  INFO 25052 --- [main] .s.d.r.c.RepositoryConfigurationDelegate : Bootstrapping Spring Data Redis repositories in DEFAULT mode.
2020-01-14 17:03:58.649  INFO 25052 --- [main] .s.d.r.c.RepositoryConfigurationDelegate : Finished Spring Data repository scanning in 7ms. Found 0 Redis repository interfaces.
2020-01-14 17:03:59.055  INFO 25052 --- [main] trationDelegate$BeanPostProcessorChecker : Bean 'org.springframework.transaction.annotation.ProxyTransactionManagementConfiguration' of type [org.springframework.transaction.annotation.ProxyTransactionManagementConfiguration] is not eligible for getting processed by all BeanPostProcessors (for example: not eligible for auto-proxying)
2020-01-14 17:03:59.086  INFO 25052 --- [main] trationDelegate$BeanPostProcessorChecker : Bean 'redisConfig' of type [com.fen.fund.tool.redis.RedisConfig$$EnhancerBySpringCGLIB$$fbe25609] is not eligible for getting processed by all BeanPostProcessors (for example: not eligible for auto-proxying)
2020-01-14 17:03:59.393  INFO 25052 --- [main] o.s.b.w.embedded.tomcat.TomcatWebServer  : Tomcat initialized with port(s): 7890 (http)
2020-01-14 17:03:59.410  INFO 25052 --- [main] o.apache.catalina.core.StandardService   : Starting service [Tomcat]
2020-01-14 17:03:59.410  INFO 25052 --- [main] org.apache.catalina.core.StandardEngine  : Starting Servlet engine: [Apache Tomcat/9.0.30]
2020-01-14 17:03:59.571  INFO 25052 --- [main] o.a.c.c.C.[Tomcat].[localhost].[/api]    : Initializing Spring embedded WebApplicationContext
2020-01-14 17:03:59.571  INFO 25052 --- [main] o.s.web.context.ContextLoader            : Root WebApplicationContext: initialization completed in 1792 ms
2020-01-14 17:04:00.056  INFO 25052 --- [main] com.zaxxer.hikari.HikariDataSource       : HikariPool-1 - Starting...
2020-01-14 17:04:00.845  INFO 25052 --- [main] com.zaxxer.hikari.HikariDataSource       : HikariPool-1 - Start completed.
2020-01-14 17:04:00.900  INFO 25052 --- [main] o.hibernate.jpa.internal.util.LogHelper  : HHH000204: Processing PersistenceUnitInfo [name: default]
2020-01-14 17:04:00.992  INFO 25052 --- [main] org.hibernate.Version                    : HHH000412: Hibernate Core {5.4.9.Final}
2020-01-14 17:04:01.178  INFO 25052 --- [main] o.hibernate.annotations.common.Version   : HCANN000001: Hibernate Commons Annotations {5.1.0.Final}
2020-01-14 17:04:01.320  INFO 25052 --- [main] org.hibernate.dialect.Dialect            : HHH000400: Using dialect: org.hibernate.dialect.MySQL8Dialect
2020-01-14 17:04:01.527  INFO 25052 --- [main] o.h.e.t.j.p.i.JtaPlatformInitiator       : HHH000490: Using JtaPlatform implementation: [org.hibernate.engine.transaction.jta.platform.internal.NoJtaPlatform]
2020-01-14 17:04:01.537  INFO 25052 --- [main] j.LocalContainerEntityManagerFactoryBean : Initialized JPA EntityManagerFactory for persistence unit 'default'
2020-01-14 17:04:02.020  WARN 25052 --- [main] JpaBaseConfiguration$JpaWebConfiguration : spring.jpa.open-in-view is enabled by default. Therefore, database queries may be performed during view rendering. Explicitly configure spring.jpa.open-in-view to disable this warning
2020-01-14 17:04:02.150  INFO 25052 --- [main] o.s.s.concurrent.ThreadPoolTaskExecutor  : Initializing ExecutorService 'applicationTaskExecutor'
2020-01-14 17:04:02.296  WARN 25052 --- [main] ion$DefaultTemplateResolverConfiguration : Cannot find template location: classpath:/templates/ (please add some templates or check your Thymeleaf configuration)
2020-01-14 17:04:02.298  WARN 25052 --- [main] org.thymeleaf.templatemode.TemplateMode  : [THYMELEAF][main] Template Mode 'HTML5' is deprecated. Using Template Mode 'HTML' instead.
2020-01-14 17:04:02.497  INFO 25052 --- [main] s.a.ScheduledAnnotationBeanPostProcessor : No TaskScheduler/ScheduledExecutorService bean found for scheduled processing
2020-01-14 17:04:02.532  INFO 25052 --- [main] o.s.b.w.embedded.tomcat.TomcatWebServer  : Tomcat started on port(s): 7890 (http) with context path '/api'
2020-01-14 17:04:02.536  INFO 25052 --- [main] com.fen.fund.WebApplication              : Started WebApplication in 5.4 seconds (JVM running for 7.33)
2020-01-14 17:05:51.952  INFO 25052 --- [http-nio-7890-exec-5] o.a.c.c.C.[Tomcat].[localhost].[/api]    : Initializing Spring DispatcherServlet 'dispatcherServlet'
2020-01-14 17:05:51.953  INFO 25052 --- [http-nio-7890-exec-5] o.s.web.servlet.DispatcherServlet        : Initializing Servlet 'dispatcherServlet'
2020-01-14 17:05:51.965  INFO 25052 --- [http-nio-7890-exec-5] o.s.web.servlet.DispatcherServlet        : Completed initialization in 12 ms
2020-01-14 17:06:09.157  INFO 12724 --- [main] com.fen.fund.WebApplication              : Starting WebApplication on LB-Fei-pc with PID 12724 (E:\Fund\fund\web\target\classes started by Fei in E:\Fund\fund)
2020-01-14 17:06:09.164  INFO 12724 --- [main] com.fen.fund.WebApplication              : The following profiles are active: redis
2020-01-14 17:06:10.180  INFO 12724 --- [main] .s.d.r.c.RepositoryConfigurationDelegate : Multiple Spring Data modules found, entering strict repository configuration mode!
2020-01-14 17:06:10.181  INFO 12724 --- [main] .s.d.r.c.RepositoryConfigurationDelegate : Bootstrapping Spring Data JPA repositories in DEFAULT mode.
2020-01-14 17:06:10.208  INFO 12724 --- [main] .s.d.r.c.RepositoryConfigurationDelegate : Finished Spring Data repository scanning in 15ms. Found 0 JPA repository interfaces.
2020-01-14 17:06:10.220  INFO 12724 --- [main] .s.d.r.c.RepositoryConfigurationDelegate : Multiple Spring Data modules found, entering strict repository configuration mode!
2020-01-14 17:06:10.222  INFO 12724 --- [main] .s.d.r.c.RepositoryConfigurationDelegate : Bootstrapping Spring Data Redis repositories in DEFAULT mode.
2020-01-14 17:06:10.246  INFO 12724 --- [main] .s.d.r.c.RepositoryConfigurationDelegate : Finished Spring Data repository scanning in 7ms. Found 0 Redis repository interfaces.
2020-01-14 17:06:10.677  INFO 12724 --- [main] trationDelegate$BeanPostProcessorChecker : Bean 'org.springframework.transaction.annotation.ProxyTransactionManagementConfiguration' of type [org.springframework.transaction.annotation.ProxyTransactionManagementConfiguration] is not eligible for getting processed by all BeanPostProcessors (for example: not eligible for auto-proxying)
2020-01-14 17:06:10.711  INFO 12724 --- [main] trationDelegate$BeanPostProcessorChecker : Bean 'redisConfig' of type [com.fen.fund.tool.redis.RedisConfig$$EnhancerBySpringCGLIB$$42b0ebad] is not eligible for getting processed by all BeanPostProcessors (for example: not eligible for auto-proxying)
2020-01-14 17:06:11.009  INFO 12724 --- [main] o.s.b.w.embedded.tomcat.TomcatWebServer  : Tomcat initialized with port(s): 7890 (http)
2020-01-14 17:06:11.021  INFO 12724 --- [main] o.apache.catalina.core.StandardService   : Starting service [Tomcat]
2020-01-14 17:06:11.021  INFO 12724 --- [main] org.apache.catalina.core.StandardEngine  : Starting Servlet engine: [Apache Tomcat/9.0.30]
2020-01-14 17:06:11.149  INFO 12724 --- [main] o.a.c.c.C.[Tomcat].[localhost].[/]       : Initializing Spring embedded WebApplicationContext
2020-01-14 17:06:11.150  INFO 12724 --- [main] o.s.web.context.ContextLoader            : Root WebApplicationContext: initialization completed in 1916 ms
2020-01-14 17:06:11.535  INFO 12724 --- [main] com.zaxxer.hikari.HikariDataSource       : HikariPool-1 - Starting...
2020-01-14 17:06:12.231  INFO 12724 --- [main] com.zaxxer.hikari.HikariDataSource       : HikariPool-1 - Start completed.
2020-01-14 17:06:12.277  INFO 12724 --- [main] o.hibernate.jpa.internal.util.LogHelper  : HHH000204: Processing PersistenceUnitInfo [name: default]
2020-01-14 17:06:12.356  INFO 12724 --- [main] org.hibernate.Version                    : HHH000412: Hibernate Core {5.4.9.Final}
2020-01-14 17:06:12.529  INFO 12724 --- [main] o.hibernate.annotations.common.Version   : HCANN000001: Hibernate Commons Annotations {5.1.0.Final}
2020-01-14 17:06:12.655  INFO 12724 --- [main] org.hibernate.dialect.Dialect            : HHH000400: Using dialect: org.hibernate.dialect.MySQL8Dialect
2020-01-14 17:06:12.853  INFO 12724 --- [main] o.h.e.t.j.p.i.JtaPlatformInitiator       : HHH000490: Using JtaPlatform implementation: [org.hibernate.engine.transaction.jta.platform.internal.NoJtaPlatform]
2020-01-14 17:06:12.865  INFO 12724 --- [main] j.LocalContainerEntityManagerFactoryBean : Initialized JPA EntityManagerFactory for persistence unit 'default'
2020-01-14 17:06:13.337  WARN 12724 --- [main] JpaBaseConfiguration$JpaWebConfiguration : spring.jpa.open-in-view is enabled by default. Therefore, database queries may be performed during view rendering. Explicitly configure spring.jpa.open-in-view to disable this warning
2020-01-14 17:06:13.468  INFO 12724 --- [main] o.s.s.concurrent.ThreadPoolTaskExecutor  : Initializing ExecutorService 'applicationTaskExecutor'
2020-01-14 17:06:13.621  WARN 12724 --- [main] ion$DefaultTemplateResolverConfiguration : Cannot find template location: classpath:/templates/ (please add some templates or check your Thymeleaf configuration)
2020-01-14 17:06:13.622  WARN 12724 --- [main] org.thymeleaf.templatemode.TemplateMode  : [THYMELEAF][main] Template Mode 'HTML5' is deprecated. Using Template Mode 'HTML' instead.
2020-01-14 17:06:13.815  INFO 12724 --- [main] s.a.ScheduledAnnotationBeanPostProcessor : No TaskScheduler/ScheduledExecutorService bean found for scheduled processing
2020-01-14 17:06:13.849  INFO 12724 --- [main] o.s.b.w.embedded.tomcat.TomcatWebServer  : Tomcat started on port(s): 7890 (http) with context path ''
2020-01-14 17:06:13.853  INFO 12724 --- [main] com.fen.fund.WebApplication              : Started WebApplication in 5.676 seconds (JVM running for 6.996)
2020-01-14 17:06:33.484  INFO 12724 --- [http-nio-7890-exec-1] o.a.c.c.C.[Tomcat].[localhost].[/]       : Initializing Spring DispatcherServlet 'dispatcherServlet'
2020-01-14 17:06:33.484  INFO 12724 --- [http-nio-7890-exec-1] o.s.web.servlet.DispatcherServlet        : Initializing Servlet 'dispatcherServlet'
2020-01-14 17:06:33.495  INFO 12724 --- [http-nio-7890-exec-1] o.s.web.servlet.DispatcherServlet        : Completed initialization in 11 ms
2020-01-14 17:09:58.314  INFO 24260 --- [main] com.fen.fund.WebApplication              : Starting WebApplication on LB-Fei-pc with PID 24260 (E:\Fund\fund\web\target\classes started by Fei in E:\Fund\fund)
2020-01-14 17:09:58.319  INFO 24260 --- [main] com.fen.fund.WebApplication              : The following profiles are active: redis
2020-01-14 17:09:59.237  INFO 24260 --- [main] .s.d.r.c.RepositoryConfigurationDelegate : Multiple Spring Data modules found, entering strict repository configuration mode!
2020-01-14 17:09:59.238  INFO 24260 --- [main] .s.d.r.c.RepositoryConfigurationDelegate : Bootstrapping Spring Data JPA repositories in DEFAULT mode.
2020-01-14 17:09:59.265  INFO 24260 --- [main] .s.d.r.c.RepositoryConfigurationDelegate : Finished Spring Data repository scanning in 16ms. Found 0 JPA repository interfaces.
2020-01-14 17:09:59.278  INFO 24260 --- [main] .s.d.r.c.RepositoryConfigurationDelegate : Multiple Spring Data modules found, entering strict repository configuration mode!
2020-01-14 17:09:59.279  INFO 24260 --- [main] .s.d.r.c.RepositoryConfigurationDelegate : Bootstrapping Spring Data Redis repositories in DEFAULT mode.
2020-01-14 17:09:59.299  INFO 24260 --- [main] .s.d.r.c.RepositoryConfigurationDelegate : Finished Spring Data repository scanning in 9ms. Found 0 Redis repository interfaces.
2020-01-14 17:09:59.856  INFO 24260 --- [main] trationDelegate$BeanPostProcessorChecker : Bean 'org.springframework.transaction.annotation.ProxyTransactionManagementConfiguration' of type [org.springframework.transaction.annotation.ProxyTransactionManagementConfiguration] is not eligible for getting processed by all BeanPostProcessors (for example: not eligible for auto-proxying)
2020-01-14 17:09:59.978  INFO 24260 --- [main] trationDelegate$BeanPostProcessorChecker : Bean 'redisConfig' of type [com.fen.fund.tool.redis.RedisConfig$$EnhancerBySpringCGLIB$$a2ca4c0a] is not eligible for getting processed by all BeanPostProcessors (for example: not eligible for auto-proxying)
2020-01-14 17:10:00.508  INFO 24260 --- [main] o.s.b.w.embedded.tomcat.TomcatWebServer  : Tomcat initialized with port(s): 7890 (http)
2020-01-14 17:10:00.524  INFO 24260 --- [main] o.apache.catalina.core.StandardService   : Starting service [Tomcat]
2020-01-14 17:10:00.524  INFO 24260 --- [main] org.apache.catalina.core.StandardEngine  : Starting Servlet engine: [Apache Tomcat/9.0.30]
2020-01-14 17:10:00.727  INFO 24260 --- [main] o.a.c.c.C.[Tomcat].[localhost].[/]       : Initializing Spring embedded WebApplicationContext
2020-01-14 17:10:00.728  INFO 24260 --- [main] o.s.web.context.ContextLoader            : Root WebApplicationContext: initialization completed in 2337 ms
2020-01-14 17:10:01.314  INFO 24260 --- [main] com.zaxxer.hikari.HikariDataSource       : HikariPool-1 - Starting...
2020-01-14 17:10:02.117  INFO 24260 --- [main] com.zaxxer.hikari.HikariDataSource       : HikariPool-1 - Start completed.
2020-01-14 17:10:02.178  INFO 24260 --- [main] o.hibernate.jpa.internal.util.LogHelper  : HHH000204: Processing PersistenceUnitInfo [name: default]
2020-01-14 17:10:02.288  INFO 24260 --- [main] org.hibernate.Version                    : HHH000412: Hibernate Core {5.4.9.Final}
2020-01-14 17:10:02.637  INFO 24260 --- [main] o.hibernate.annotations.common.Version   : HCANN000001: Hibernate Commons Annotations {5.1.0.Final}
2020-01-14 17:10:02.819  INFO 24260 --- [main] org.hibernate.dialect.Dialect            : HHH000400: Using dialect: org.hibernate.dialect.MySQL8Dialect
2020-01-14 17:10:03.079  INFO 24260 --- [main] o.h.e.t.j.p.i.JtaPlatformInitiator       : HHH000490: Using JtaPlatform implementation: [org.hibernate.engine.transaction.jta.platform.internal.NoJtaPlatform]
2020-01-14 17:10:03.089  INFO 24260 --- [main] j.LocalContainerEntityManagerFactoryBean : Initialized JPA EntityManagerFactory for persistence unit 'default'
2020-01-14 17:10:03.609  WARN 24260 --- [main] JpaBaseConfiguration$JpaWebConfiguration : spring.jpa.open-in-view is enabled by default. Therefore, database queries may be performed during view rendering. Explicitly configure spring.jpa.open-in-view to disable this warning
2020-01-14 17:10:03.737  INFO 24260 --- [main] o.s.s.concurrent.ThreadPoolTaskExecutor  : Initializing ExecutorService 'applicationTaskExecutor'
2020-01-14 17:10:03.817  INFO 24260 --- [main] o.s.b.a.w.s.WelcomePageHandlerMapping    : Adding welcome page template: index
2020-01-14 17:10:03.909  WARN 24260 --- [main] org.thymeleaf.templatemode.TemplateMode  : [THYMELEAF][main] Template Mode 'HTML5' is deprecated. Using Template Mode 'HTML' instead.
2020-01-14 17:10:04.155  INFO 24260 --- [main] s.a.ScheduledAnnotationBeanPostProcessor : No TaskScheduler/ScheduledExecutorService bean found for scheduled processing
2020-01-14 17:10:04.195  INFO 24260 --- [main] o.s.b.w.embedded.tomcat.TomcatWebServer  : Tomcat started on port(s): 7890 (http) with context path ''
2020-01-14 17:10:04.198  INFO 24260 --- [main] com.fen.fund.WebApplication              : Started WebApplication in 6.703 seconds (JVM running for 7.945)
2020-01-14 17:10:08.665  INFO 24260 --- [http-nio-7890-exec-1] o.a.c.c.C.[Tomcat].[localhost].[/]       : Initializing Spring DispatcherServlet 'dispatcherServlet'
2020-01-14 17:10:08.665  INFO 24260 --- [http-nio-7890-exec-1] o.s.web.servlet.DispatcherServlet        : Initializing Servlet 'dispatcherServlet'
2020-01-14 17:10:08.676  INFO 24260 --- [http-nio-7890-exec-1] o.s.web.servlet.DispatcherServlet        : Completed initialization in 10 ms
